<?xml version='1.0' encoding='UTF-8'?>
<testsuite hostname="DESKTOP-LA54B7U" name="example.upAndRunning" tests="26" errors="0" failures="1" skipped="0" time="25.347" timestamp="2019-06-26T16:49:29">
                     <properties>
[...]
</properties>
                     <testcase classname="example.upAndRunning" name="Check for expanded graph" time="0.103">
                                                 
                                               </testcase><testcase classname="example.upAndRunning" name="Check for eponymous TURBO graph" time="0.041">
                                                 <failure message="fxnRes was false" type="org.scalatest.exceptions.TestFailedException">org.scalatest.exceptions.TestFailedException: fxnRes was false
	at org.scalatest.Assertions.newAssertionFailedException(Assertions.scala:530)
	at org.scalatest.Assertions.newAssertionFailedException$(Assertions.scala:529)
	at org.scalatest.FunSuite.newAssertionFailedException(FunSuite.scala:1560)
	at org.scalatest.Assertions$AssertionsHelper.macroAssert(Assertions.scala:503)
	at example.upAndRunning.$anonfun$new$4(upAndRunning.scala:122)
	at org.scalatest.OutcomeOf.outcomeOf(OutcomeOf.scala:85)
	at org.scalatest.OutcomeOf.outcomeOf$(OutcomeOf.scala:83)
	at org.scalatest.OutcomeOf$.outcomeOf(OutcomeOf.scala:104)
	at org.scalatest.Transformer.apply(Transformer.scala:22)
	at org.scalatest.Transformer.apply(Transformer.scala:20)
	at org.scalatest.FunSuiteLike$$anon$1.apply(FunSuiteLike.scala:186)
	at org.scalatest.TestSuite.withFixture(TestSuite.scala:196)
	at org.scalatest.TestSuite.withFixture$(TestSuite.scala:195)
	at org.scalatest.FunSuite.withFixture(FunSuite.scala:1560)
	at org.scalatest.FunSuiteLike.invokeWithFixture$1(FunSuiteLike.scala:184)
	at org.scalatest.FunSuiteLike.$anonfun$runTest$1(FunSuiteLike.scala:196)
	at org.scalatest.SuperEngine.runTestImpl(Engine.scala:286)
	at org.scalatest.FunSuiteLike.runTest(FunSuiteLike.scala:196)
	at org.scalatest.FunSuiteLike.runTest$(FunSuiteLike.scala:178)
	at example.upAndRunning.org$scalatest$BeforeAndAfter$$super$runTest(upAndRunning.scala:43)
	at org.scalatest.BeforeAndAfter.runTest(BeforeAndAfter.scala:203)
	at org.scalatest.BeforeAndAfter.runTest$(BeforeAndAfter.scala:192)
	at example.upAndRunning.runTest(upAndRunning.scala:43)
	at org.scalatest.FunSuiteLike.$anonfun$runTests$1(FunSuiteLike.scala:229)
	at org.scalatest.SuperEngine.$anonfun$runTestsInBranch$1(Engine.scala:393)
	at scala.collection.immutable.List.foreach(List.scala:389)
	at org.scalatest.SuperEngine.traverseSubNodes$1(Engine.scala:381)
	at org.scalatest.SuperEngine.runTestsInBranch(Engine.scala:376)
	at org.scalatest.SuperEngine.runTestsImpl(Engine.scala:458)
	at org.scalatest.FunSuiteLike.runTests(FunSuiteLike.scala:229)
	at org.scalatest.FunSuiteLike.runTests$(FunSuiteLike.scala:228)
	at org.scalatest.FunSuite.runTests(FunSuite.scala:1560)
	at org.scalatest.Suite.run(Suite.scala:1124)
	at org.scalatest.Suite.run$(Suite.scala:1106)
	at org.scalatest.FunSuite.org$scalatest$FunSuiteLike$$super$run(FunSuite.scala:1560)
	at org.scalatest.FunSuiteLike.$anonfun$run$1(FunSuiteLike.scala:233)
	at org.scalatest.SuperEngine.runImpl(Engine.scala:518)
	at org.scalatest.FunSuiteLike.run(FunSuiteLike.scala:233)
	at org.scalatest.FunSuiteLike.run$(FunSuiteLike.scala:232)
	at example.upAndRunning.org$scalatest$BeforeAndAfter$$super$run(upAndRunning.scala:43)
	at org.scalatest.BeforeAndAfter.run(BeforeAndAfter.scala:258)
	at org.scalatest.BeforeAndAfter.run$(BeforeAndAfter.scala:256)
	at example.upAndRunning.run(upAndRunning.scala:43)
	at org.scalatest.tools.Framework.org$scalatest$tools$Framework$$runSuite(Framework.scala:317)
	at org.scalatest.tools.Framework$ScalaTestTask.execute(Framework.scala:510)
	at sbt.TestRunner.runTest$1(TestFramework.scala:113)
	at sbt.TestRunner.run(TestFramework.scala:124)
	at sbt.TestFramework$$anon$2$$anonfun$$lessinit$greater$1.$anonfun$apply$1(TestFramework.scala:282)
	at sbt.TestFramework$.sbt$TestFramework$$withContextLoader(TestFramework.scala:246)
	at sbt.TestFramework$$anon$2$$anonfun$$lessinit$greater$1.apply(TestFramework.scala:282)
	at sbt.TestFramework$$anon$2$$anonfun$$lessinit$greater$1.apply(TestFramework.scala:282)
	at sbt.TestFunction.apply(TestFramework.scala:294)
	at sbt.Tests$.$anonfun$toTask$1(Tests.scala:309)
	at sbt.std.Transform$$anon$3.$anonfun$apply$2(System.scala:46)
	at sbt.std.Transform$$anon$4.work(System.scala:67)
	at sbt.Execute.$anonfun$submit$2(Execute.scala:269)
	at sbt.internal.util.ErrorHandling$.wideConvert(ErrorHandling.scala:16)
	at sbt.Execute.work(Execute.scala:278)
	at sbt.Execute.$anonfun$submit$1(Execute.scala:269)
	at sbt.ConcurrentRestrictions$$anon$4.$anonfun$submitValid$1(ConcurrentRestrictions.scala:178)
	at sbt.CompletionService$$anon$2.call(CompletionService.scala:37)
	at java.util.concurrent.FutureTask.run(Unknown Source)
	at java.util.concurrent.Executors$RunnableAdapter.call(Unknown Source)
	at java.util.concurrent.FutureTask.run(Unknown Source)
	at java.util.concurrent.ThreadPoolExecutor.runWorker(Unknown Source)
	at java.util.concurrent.ThreadPoolExecutor$Worker.run(Unknown Source)
	at java.lang.Thread.run(Unknown Source)
</failure>
                                               </testcase><testcase classname="example.upAndRunning" name="Check for Homo sapiens in expanded graph" time="0.022">
                                                 
                                               </testcase><testcase classname="example.upAndRunning" name="Check for CRID subclass in expanded graph" time="0.024">
                                                 
                                               </testcase><testcase classname="example.upAndRunning" name="Check for CRID subclass denoting a person in the expanded graph" time="0.25">
                                                 
                                               </testcase><testcase classname="example.upAndRunning" name="Check for symbol subclass in expanded graph" time="0.025">
                                                 
                                               </testcase><testcase classname="example.upAndRunning" name="Check for symbol subclass part of CRID subclass in the expanded graph" time="2.203">
                                                 
                                               </testcase><testcase classname="example.upAndRunning" name="Check for CRID subclass, with symbol subclass part, denoting a person in the expanded graph" time="4.842">
                                                 
                                               </testcase><testcase classname="example.upAndRunning" name=" Symbol should have a value of 00002c66-a365-4e88-8e80-d52bcad4869e" time="0.993">
                                                 
                                               </testcase><testcase classname="example.upAndRunning" name="Check for date of birth DATUM in expanded graph" time="0.025">
                                                 
                                               </testcase><testcase classname="example.upAndRunning" name="Check for start of neonate stage PROCESS BOUNDARY in expanded graph" time="0.025">
                                                 
                                               </testcase><testcase classname="example.upAndRunning" name="Check for date of birth about some start of neonate stage in the expanded graph" time="0.028">
                                                 
                                               </testcase><testcase classname="example.upAndRunning" name=")" time="0.031">
                                                 
                                               </testcase><testcase classname="example.upAndRunning" name=")" time="0.995">
                                                 
                                               </testcase><testcase classname="example.upAndRunning" name=")" time="8.635">
                                                 
                                               </testcase><testcase classname="example.upAndRunning" name="Check for gender identitiy datum subclass in expanded graph" time="0.031">
                                                 
                                               </testcase><testcase classname="example.upAndRunning" name=")" time="2.91">
                                                 
                                               </testcase><testcase classname="example.upAndRunning" name="Check for racial identitiy datum subclass in expanded graph" time="0.029">
                                                 
                                               </testcase><testcase classname="example.upAndRunning" name="Check for black racial identitiy datum in expanded graph" time="0.026">
                                                 
                                               </testcase><testcase classname="example.upAndRunning" name=")" time="0.996">
                                                 
                                               </testcase><testcase classname="example.upAndRunning" name="Check for patient role in expanded graph" time="0.023">
                                                 
                                               </testcase><testcase classname="example.upAndRunning" name=")" time="0.992">
                                                 
                                               </testcase><testcase classname="example.upAndRunning" name="Check for health care encounter in expanded graph" time="0.025">
                                                 
                                               </testcase><testcase classname="example.upAndRunning" name=")" time="1.018">
                                                 
                                               </testcase><testcase classname="example.upAndRunning" name=")" time="1.0">
                                                 
                                               </testcase><testcase classname="example.upAndRunning" name=")" time="0.055">
                                                 
                                               </testcase>
                     <system-out><![CDATA[]]></system-out>
                     <system-err><![CDATA[]]></system-err>
                   </testsuite>