<?xml version='1.0' encoding='UTF-8'?>
<testsuite hostname="DESKTOP-LA54B7U" name="example.HelloSpec" tests="1" errors="0" failures="0" skipped="0" time="0.026" timestamp="2019-06-26T10:36:47">
                     <properties>
[...]
</properties>
                     <testcase classname="example.HelloSpec" name="The Hello object should say hello" time="0.026">
                                                 
                                               </testcase>
                     <system-out><![CDATA[]]></system-out>
                     <system-err><![CDATA[]]></system-err>
                   </testsuite>