<?xml version='1.0' encoding='UTF-8'?>
<testsuite hostname="DESKTOP-LA54B7U" name="example.upAndRunning" tests="13" errors="0" failures="0" skipped="0" time="9.588" timestamp="2019-06-26T14:38:14">
                     <properties>
[...]
</properties>
                     <testcase classname="example.upAndRunning" name="Check for expanded graph" time="0.112">
                                                 
                                               </testcase><testcase classname="example.upAndRunning" name="Check for Homo sapiens in expanded graph" time="0.022">
                                                 
                                               </testcase><testcase classname="example.upAndRunning" name="Check for CRID subclass in expanded graph" time="0.024">
                                                 
                                               </testcase><testcase classname="example.upAndRunning" name="Check for CRID subclass denoting a person in the expanded graph" time="0.25">
                                                 
                                               </testcase><testcase classname="example.upAndRunning" name="Check for symbol subclass in expanded graph" time="0.027">
                                                 
                                               </testcase><testcase classname="example.upAndRunning" name="Check for symbol subclass part of CRID subclass in the expanded graph" time="2.196">
                                                 
                                               </testcase><testcase classname="example.upAndRunning" name="Check for CRID subclass, with symbol subclass part, denoting a person in the expanded graph" time="4.868">
                                                 
                                               </testcase><testcase classname="example.upAndRunning" name=" Symbol should have a value of 00002c66-a365-4e88-8e80-d52bcad4869e" time="0.99">
                                                 
                                               </testcase><testcase classname="example.upAndRunning" name="Check for date of birth DATUM in expanded graph" time="0.024">
                                                 
                                               </testcase><testcase classname="example.upAndRunning" name="Check for start of neonate stage PROCESS BOUNDARY in expanded graph" time="0.023">
                                                 
                                               </testcase><testcase classname="example.upAndRunning" name="Check for date of birth about some start of neonate stage in the expanded graph" time="0.025">
                                                 
                                               </testcase><testcase classname="example.upAndRunning" name=")" time="0.027">
                                                 
                                               </testcase><testcase classname="example.upAndRunning" name=")" time="1.0">
                                                 
                                               </testcase>
                     <system-out><![CDATA[]]></system-out>
                     <system-err><![CDATA[]]></system-err>
                   </testsuite>